Tue Jun 05 2018 23:29:43 GMT+0200 (Russia TZ 1 Standard Time): GET http://localhost:undefined/
Tue Jun 05 2018 23:29:59 GMT+0200 (Russia TZ 1 Standard Time): GET http://localhost:undefined/
Tue Jun 05 2018 23:30:01 GMT+0200 (Russia TZ 1 Standard Time): GET http://localhost:undefined/about
Tue Jun 05 2018 23:30:02 GMT+0200 (Russia TZ 1 Standard Time): GET http://localhost:undefined/
Tue Jun 05 2018 23:54:01 GMT+0200 (Russia TZ 1 Standard Time): GET http://localhost:undefined/
Tue Jun 05 2018 23:56:23 GMT+0200 (Russia TZ 1 Standard Time): GET http://localhost/
Tue Jun 05 2018 23:56:24 GMT+0200 (Russia TZ 1 Standard Time): GET http://localhost/
Tue Jun 05 2018 23:56:25 GMT+0200 (Russia TZ 1 Standard Time): GET http://localhost/
Tue Jun 05 2018 23:56:27 GMT+0200 (Russia TZ 1 Standard Time): GET http://localhost/about
Tue Jun 05 2018 23:57:17 GMT+0200 (Russia TZ 1 Standard Time): GET http://localhost/help
Tue Jun 05 2018 23:57:21 GMT+0200 (Russia TZ 1 Standard Time): GET http://localhost/help
Tue Jun 05 2018 23:58:00 GMT+0200 (Russia TZ 1 Standard Time): GET http://localhost/help
Wed Jun 06 2018 00:00:21 GMT+0200 (Russia TZ 1 Standard Time): GET http://localhost/help
Wed Jun 06 2018 00:00:22 GMT+0200 (Russia TZ 1 Standard Time): GET http://localhost/help
Wed Jun 06 2018 00:00:52 GMT+0200 (Russia TZ 1 Standard Time): GET http://localhost/help
Wed Jun 06 2018 00:01:10 GMT+0200 (Russia TZ 1 Standard Time): GET http://localhost/bad
Wed Jun 06 2018 00:02:26 GMT+0200 (Russia TZ 1 Standard Time): GET http://localhost/help
Wed Jun 06 2018 00:02:36 GMT+0200 (Russia TZ 1 Standard Time): GET http://localhost/help
Wed Jun 06 2018 00:06:43 GMT+0200 (Russia TZ 1 Standard Time): GET http://localhost/help
Wed Jun 06 2018 00:06:51 GMT+0200 (Russia TZ 1 Standard Time): GET http://localhost/
Wed Jun 06 2018 00:06:55 GMT+0200 (Russia TZ 1 Standard Time): GET http://localhost/about
Wed Jun 06 2018 00:07:03 GMT+0200 (Russia TZ 1 Standard Time): GET http://localhost/help
Wed Jun 06 2018 00:08:29 GMT+0200 (Russia TZ 1 Standard Time): GET http://localhost/help
Wed Jun 06 2018 00:13:10 GMT+0200 (Russia TZ 1 Standard Time): GET http://localhost/help.html
Sat Jun 09 2018 11:46:18 GMT+0200 (GMT+02:00): GET http://localhost/
Sat Jun 09 2018 11:46:18 GMT+0200 (GMT+02:00): GET http://localhost/favicon.ico
Sat Jun 09 2018 11:47:01 GMT+0200 (GMT+02:00): GET http://localhost/
Sat Jun 09 2018 15:35:42 GMT+0200 (GMT+02:00): GET http://localhost/
Sat Jun 09 2018 15:35:46 GMT+0200 (GMT+02:00): GET http://localhost/portfolio
Sat Jun 09 2018 15:35:48 GMT+0200 (GMT+02:00): GET http://localhost/about
Sat Jun 09 2018 15:35:49 GMT+0200 (GMT+02:00): GET http://localhost/
